#
# There is insufficient memory for the Java Runtime Environment to continue.
# Native memory allocation (malloc) failed to allocate 253936 bytes for Chunk::new
# Possible reasons:
#   The system is out of physical RAM or swap space
#   The process is running with CompressedOops enabled, and the Java Heap may be blocking the growth of the native heap
# Possible solutions:
#   Reduce memory load on the system
#   Increase physical memory or swap space
#   Check if swap backing store is full
#   Decrease Java heap size (-Xmx/-Xms)
#   Decrease number of Java threads
#   Decrease Java thread stack sizes (-Xss)
#   Set larger code cache with -XX:ReservedCodeCacheSize=
#   JVM is running with Unscaled Compressed Oops mode in which the Java heap is
#     placed in the first 4GB address space. The Java Heap base address is the
#     maximum limit for the native heap growth. Please use -XX:HeapBaseMinAddress
#     to set the Java Heap base and to place the Java Heap above 4GB virtual address.
# This output file may be truncated or incomplete.
#
#  Out of Memory Error (arena.cpp:189), pid=35216, tid=121260
#
# JRE version: OpenJDK Runtime Environment Corretto-17.0.6.10.1 (17.0.6+10) (build 17.0.6+10-LTS)
# Java VM: OpenJDK 64-Bit Server VM Corretto-17.0.6.10.1 (17.0.6+10-LTS, mixed mode, sharing, tiered, compressed oops, compressed class ptrs, g1 gc, windows-amd64)
# No core dump will be written. Minidumps are not enabled by default on client versions of Windows
#

---------------  S U M M A R Y ------------

Command Line: -javaagent:C:\Program Files\JetBrains\IntelliJ IDEA Community Edition 2022.3.2\lib\idea_rt.jar=63111:C:\Program Files\JetBrains\IntelliJ IDEA Community Edition 2022.3.2\bin -Dfile.encoding=UTF-8 fr.projet.port.PortApplication

Host: AMD Ryzen 5 4500U with Radeon Graphics         , 6 cores, 7G,  Windows 10 , 64 bit Build 19041 (10.0.19041.2788)
Time: Fri May 19 11:29:45 2023 Paris, Madrid (heure duild 19041 (10.0.19041.2788) elapsed time: 1.253989 seconds (0d 0h 0m 1s)

---------------  T H R E A D  ---------------

Current thread (0x000002e31d337550):  JavaThread "C2 CompilerThread0" daemon [_thread_in_native, id=121260, stack(0x000000f9fb400000,0x000000f9fb500000)]


Current CompileTask:
C2:   1254 1023   !   4       java.util.concurrent.ConcurrentHashMap::putVal (432 bytes)

Stack: [0x000000f9fb400000,0x000000f9fb500000]
Native frames: (J=compiled Java code, j=interpreted, Vv=VM code, C=native code)
V  [jvm.dll+0x64b39a]
V  [jvm.dll+0x7ff044]
V  [jvm.dll+0x8007fe]
V  [jvm.dll+0x800e53]
V  [jvm.dll+0x235848]
V  [jvm.dll+0xbce6c]
V  [jvm.dll+0xbd44c]
V  [jvm.dll+0x34f252]
V  [jvm.dll+0x319ccf]
V  [jvm.dll+0x31910a]
V  [jvm.dll+0x209ca5]
V  [jvm.dll+0x209237]
V  [jvm.dll+0x19926d]
V  [jvm.dll+0x2185dd]
V  [jvm.dll+0x216824]
V  [jvm.dll+0x7b77bb]
V  [jvm.dll+0x7b1d6a]
V  [jvm.dll+0x64a265]
C  [ucrtbase.dll+0x21bb2]
C  [KERNEL32.DLL+0x17604]
C  [ntdll.dll+0x526a1]


---------------  P R O C E S S  ---------------

Threads class SMR info:
_java_thread_list=0x000002e31e70af90, length=15, elements={
0x000002e37f8cfb50, 0x000002e31d317920, 0x000002e31d319db0, 0x000002e31d32b370,
0x000002e31d32bc30, 0x000002e31d32c5e0, 0x000002e31d32cf90, 0x000002e31d337550,
0x000002e31d33dd10, 0x000002e31d348ef0, 0x000002e31ddb1e50, 0x000002e31e0185d0,
0x000002e31df8c120, 0x000002e31e6e3ee0, 0x000002e31e722e70
}

Java Threads: ( => current thread )
  0x000002e37f8cfb50 JavaThread "main" [_thread_blocked, id=57276, stack(0x000000f9fa700000,0x000000f9fa800000)]
  0x000002e31d317920 JavaThread "Reference Handler" daemon [_thread_blocked, id=28892, stack(0x000000f9fae00000,0x000000f9faf00000)]
  0x000002e31d319db0 JavaThread "Finalizer" daemon [_thread_blocked, id=120112, stack(0x000000f9faf00000,0x000000f9fb000000)]
  0x000002e31d32b370 JavaThread "Signal Dispatcher" daemon [_thread_blocked, id=120248, stack(0x000000f9fb000000,0x000000f9fb100000)]
  0x000002e31d32bc30 JavaThread "Attach Listener" daemon [_thread_blocked, id=114632, stack(0x000000f9fb100000,0x000000f9fb200000)]
  0x000002e31d32c5e0 JavaThread "Service Thread" daemon [_thread_blocked, id=90008, stack(0x000000f9fb200000,0x000000f9fb300000)]
  0x000002e31d32cf90 JavaThread "Monitor Deflation Thread" daemon [_thread_blocked, id=44676, stack(0x000000f9fb300000,0x000000f9fb400000)]
=>0x000002e31d337550 JavaThread "C2 CompilerThread0" daemon [_thread_in_native, id=121260, stack(0x000000f9fb400000,0x000000f9fb500000)]
  0x000002e31d33dd10 JavaThread "C1 CompilerThread0" daemon [_thread_blocked, id=18444, stack(0x000000f9fb500000,0x000000f9fb600000)]
  0x000002e31d348ef0 JavaThread "Sweeper thread" daemon [_thread_blocked, id=124016, stack(0x000000f9fb600000,0x000000f9fb700000)]
  0x000002e31ddb1e50 JavaThread "Common-Cleaner" daemon [_thread_blocked, id=44856, stack(0x000000f9fb700000,0x000000f9fb800000)]
  0x000002e31e0185d0 JavaThread "Monitor Ctrl-Break" daemon [_thread_in_native, id=124032, stack(0x000000f9fb800000,0x000000f9fb900000)]
  0x000002e31df8c120 JavaThread "Notification Thread" daemon [_thread_blocked, id=124076, stack(0x000000f9fb900000,0x000000f9fba00000)]
  0x000002e31e6e3ee0 JavaThread "Thread-0" [_thread_blocked, id=20484, stack(0x000000f9fbb00000,0x000000f9fbc00000)]
  0x000002e31e722e70 JavaThread "restartedMain" [_thread_in_vm, id=104500, stack(0x000000f9fbc00000,0x000000f9fbd00000)]

Other Threads:
  0x000002e31d3100b0 VMThread "VM Thread" [stack: 0x000000f9fad00000,0x000000f9fae00000] [id=21832]
  0x000002e37f94b380 WatcherThread [stack: 0x000000f9fba00000,0x000000f9fbb00000] [id=109156]
  0x000002e37f926eb0 GCTaskThread "GC Thread#0" [stack: 0x000000f9fa800000,0x000000f9fa900000] [id=121296]
  0x000002e31e777180 GCTaskThread "GC Thread#1" [stack: 0x000000f9fbd00000,0x000000f9fbe00000] [id=95444]
  0x000002e31e777430 GCTaskThread "GC Thread#2" [stack: 0x000000f9fbe00000,0x000000f9fbf00000] [id=118632]
  0x000002e31e77ff40 GCTaskThread "GC Thread#3" [stack: 0x000000f9fbf00000,0x000000f9fc000000] [id=81160]
  0x000002e31e7801f0 GCTaskThread "GC Thread#4" [stack: 0x000000f9fc000000,0x000000f9fc100000] [id=100280]
  0x000002e31e7804a0 GCTaskThread "GC Thread#5" [stack: 0x000000f9fc100000,0x000000f9fc200000] [id=118156]
  0x000002e37f936970 ConcurrentGCThread "G1 Main Marker" [stack: 0x000000f9fa900000,0x000000f9faa00000] [id=24804]
  0x000002e37f937380 ConcurrentGCThread "G1 Conc#0" [stack: 0x000000f9faa00000,0x000000f9fab00000] [id=124164]
  0x000002e31d1d0490 ConcurrentGCThread "G1 Refine#0" [stack: 0x000000f9fab00000,0x000000f9fac00000] [id=12548]
  0x000002e31e7bfde0 ConcurrentGCThread "G1 Refine#1" [stack: 0x000000f9fc200000,0x000000f9fc300000] [id=125672]
  0x000002e31d1d0eb0 ConcurrentGCThread "G1 Service" [stack: 0x000000f9fac00000,0x000000f9fad00000] [id=20296]

Threads with active compile tasks:
C2 CompilerThread0     1282 1023   !   4       java.util.concurrent.ConcurrentHashMap::putVal (432 bytes)

VM state: not at safepoint (normal execution)

VM Mutex/Monitor currently owned by a thread: None

Heap address: 0x000000008a400000, size: 1884 MB, Compressed Oops mode: 32-bit

CDS archive(s) mapped at: [0x0000000800000000-0x0000000800bc0000-0x0000000800bc0000), size 12320768, SharedBaseAddress: 0x0000000800000000, ArchiveRelocationMode: 0.
Compressed class space mapped at: 0x0000000800c00000-0x0000000840c00000, reserved size: 1073741824
Narrow klass base: 0x0000000800000000, Narrow klass shift: 0, Narrow klass range: 0x100000000

GC Precious Log:
 CPUs: 6 total, 6 available
 Memory: 7533M
 Large Page Support: Disabled
 NUMA Support: Disabled
 Compressed Oops: Enabled (32-bit)
 Heap Region Size: 1M
 Heap Min Capacity: 8M
 Heap Initial Capacity: 118M
 Heap Max Capacity: 1884M
 Pre-touch: Disabled
 Parallel Workers: 6
 Concurrent Workers: 2
 Concurrent Refinement Workers: 6
 Periodic GC: Disabled

Heap:
 garbage-first heap   total 120832K, used 9183K [0x000000008a400000, 0x0000000100000000)
  region size 1024K, 5 young (5120K), 3 survivors (3072K)
 Metaspace       used 5635K, committed 5760K, reserved 1056768K
  class space    used 632K, committed 704K, reserved 1048576K

Heap Regions: E=young(eden), S=young(survivor), O=old, HS=humongous(starts), HC=humongous(continues), CS=collection set, F=free, OA=open archive, CA=closed archive, TAMS=top-at-mark-start (previous, next)
|   0|0x000000008a400000, 0x000000008a500000, 0x000000008a500000|100%|HS|  |TAMS 0x000000008a400000, 0x000000008a400000| Complete 
|   1|0x000000008a500000, 0x000000008a600000, 0x000000008a600000|100%|HS|  |TAMS 0x000000008a500000, 0x000000008a500000| Complete 
|   2|0x000000008a600000, 0x000000008a700000, 0x000000008a700000|100%| O|  |TAMS 0x000000008a600000, 0x000000008a600000| Untracked 
|   3|0x000000008a700000, 0x000000008a800000, 0x000000008a800000|100%| O|  |TAMS 0x000000008a700000, 0x000000008a700000| Untracked 
|   4|0x000000008a800000, 0x000000008a8f7e00, 0x000000008a900000| 96%| O|  |TAMS 0x000000008a800000, 0x000000008a800000| Untracked 
|   5|0x000000008a900000, 0x000000008a900000, 0x000000008aa00000|  0%| F|  |TAMS 0x000000008a900000, 0x000000008a900000| Untracked 
|   6|0x000000008aa00000, 0x000000008aa00000, 0x000000008ab00000|  0%| F|  |TAMS 0x000000008aa00000, 0x000000008aa00000| Untracked 
|   7|0x000000008ab00000, 0x000000008ab00000, 0x000000008ac00000|  0%| F|  |TAMS 0x000000008ab00000, 0x000000008ab00000| Untracked 
|   8|0x000000008ac00000, 0x000000008ac00000, 0x000000008ad00000|  0%| F|  |TAMS 0x000000008ac00000, 0x000000008ac00000| Untracked 
|   9|0x000000008ad00000, 0x000000008ad00000, 0x000000008ae00000|  0%| F|  |TAMS 0x000000008ad00000, 0x000000008ad00000| Untracked 
|  10|0x000000008ae00000, 0x000000008ae00000, 0x000000008af00000|  0%| F|  |TAMS 0x000000008ae00000, 0x000000008ae00000| Untracked 
|  11|0x000000008af00000, 0x000000008af00000, 0x000000008b000000|  0%| F|  |TAMS 0x000000008af00000, 0x000000008af00000| Untracked 
|  12|0x000000008b000000, 0x000000008b000000, 0x000000008b100000|  0%| F|  |TAMS 0x000000008b000000, 0x000000008b000000| Untracked 
|  13|0x000000008b100000, 0x000000008b100000, 0x000000008b200000|  0%| F|  |TAMS 0x000000008b100000, 0x000000008b100000| Untracked 
|  14|0x000000008b200000, 0x000000008b200000, 0x000000008b300000|  0%| F|  |TAMS 0x000000008b200000, 0x000000008b200000| Untracked 
|  15|0x000000008b300000, 0x000000008b300000, 0x000000008b400000|  0%| F|  |TAMS 0x000000008b300000, 0x000000008b300000| Untracked 
|  16|0x000000008b400000, 0x000000008b400000, 0x000000008b500000|  0%| F|  |TAMS 0x000000008b400000, 0x000000008b400000| Untracked 
|  17|0x000000008b500000, 0x000000008b500000, 0x000000008b600000|  0%| F|  |TAMS 0x000000008b500000, 0x000000008b500000| Untracked 
|  18|0x000000008b600000, 0x000000008b600000, 0x000000008b700000|  0%| F|  |TAMS 0x000000008b600000, 0x000000008b600000| Untracked 
|  19|0x000000008b700000, 0x000000008b700000, 0x000000008b800000|  0%| F|  |TAMS 0x000000008b700000, 0x000000008b700000| Untracked 
|  20|0x000000008b800000, 0x000000008b800000, 0x000000008b900000|  0%| F|  |TAMS 0x000000008b800000, 0x000000008b800000| Untracked 
|  21|0x000000008b900000, 0x000000008b900000, 0x000000008ba00000|  0%| F|  |TAMS 0x000000008b900000, 0x000000008b900000| Untracked 
|  22|0x000000008ba00000, 0x000000008ba00000, 0x000000008bb00000|  0%| F|  |TAMS 0x000000008ba00000, 0x000000008ba00000| Untracked 
|  23|0x000000008bb00000, 0x000000008bb00000, 0x000000008bc00000|  0%| F|  |TAMS 0x000000008bb00000, 0x000000008bb00000| Untracked 
|  24|0x000000008bc00000, 0x000000008bc00000, 0x000000008bd00000|  0%| F|  |TAMS 0x000000008bc00000, 0x000000008bc00000| Untracked 
|  25|0x000000008bd00000, 0x000000008bd00000, 0x000000008be00000|  0%| F|  |TAMS 0x000000008bd00000, 0x000000008bd00000| Untracked 
|  26|0x000000008be00000, 0x000000008be00000, 0x000000008bf00000|  0%| F|  |TAMS 0x000000008be00000, 0x000000008be00000| Untracked 
|  27|0x000000008bf00000, 0x000000008bf00000, 0x000000008c000000|  0%| F|  |TAMS 0x000000008bf00000, 0x000000008bf00000| Untracked 
|  28|0x000000008c000000, 0x000000008c000000, 0x000000008c100000|  0%| F|  |TAMS 0x000000008c000000, 0x000000008c000000| Untracked 
|  29|0x000000008c100000, 0x000000008c100000, 0x000000008c200000|  0%| F|  |TAMS 0x000000008c100000, 0x000000008c100000| Untracked 
|  30|0x000000008c200000, 0x000000008c200000, 0x000000008c300000|  0%| F|  |TAMS 0x000000008c200000, 0x000000008c200000| Untracked 
|  31|0x000000008c300000, 0x000000008c300000, 0x000000008c400000|  0%| F|  |TAMS 0x000000008c300000, 0x000000008c300000| Untracked 
|  32|0x000000008c400000, 0x000000008c400000, 0x000000008c500000|  0%| F|  |TAMS 0x000000008c400000, 0x000000008c400000| Untracked 
|  33|0x000000008c500000, 0x000000008c500000, 0x000000008c600000|  0%| F|  |TAMS 0x000000008c500000, 0x000000008c500000| Untracked 
|  34|0x000000008c600000, 0x000000008c600000, 0x000000008c700000|  0%| F|  |TAMS 0x000000008c600000, 0x000000008c600000| Untracked 
|  35|0x000000008c700000, 0x000000008c700000, 0x000000008c800000|  0%| F|  |TAMS 0x000000008c700000, 0x000000008c700000| Untracked 
|  36|0x000000008c800000, 0x000000008c800000, 0x000000008c900000|  0%| F|  |TAMS 0x000000008c800000, 0x000000008c800000| Untracked 
|  37|0x000000008c900000, 0x000000008c900000, 0x000000008ca00000|  0%| F|  |TAMS 0x000000008c900000, 0x000000008c900000| Untracked 
|  38|0x000000008ca00000, 0x000000008ca00000, 0x000000008cb00000|  0%| F|  |TAMS 0x000000008ca00000, 0x000000008ca00000| Untracked 
|  39|0x000000008cb00000, 0x000000008cb00000, 0x000000008cc00000|  0%| F|  |TAMS 0x000000008cb00000, 0x000000008cb00000| Untracked 
|  40|0x000000008cc00000, 0x000000008cc00000, 0x000000008cd00000|  0%| F|  |TAMS 0x000000008cc00000, 0x000000008cc00000| Untracked 
|  41|0x000000008cd00000, 0x000000008cd00000, 0x000000008ce00000|  0%| F|  |TAMS 0x000000008cd00000, 0x000000008cd00000| Untracked 
|  42|0x000000008ce00000, 0x000000008ce00000, 0x000000008cf00000|  0%| F|  |TAMS 0x000000008ce00000, 0x000000008ce00000| Untracked 
|  43|0x000000008cf00000, 0x000000008cf00000, 0x000000008d000000|  0%| F|  |TAMS 0x000000008cf00000, 0x000000008cf00000| Untracked 
|  44|0x000000008d000000, 0x000000008d000000, 0x000000008d100000|  0%| F|  |TAMS 0x000000008d000000, 0x000000008d000000| Untracked 
|  45|0x000000008d100000, 0x000000008d100000, 0x000000008d200000|  0%| F|  |TAMS 0x000000008d100000, 0x000000008d100000| Untracked 
|  46|0x000000008d200000, 0x000000008d200000, 0x000000008d300000|  0%| F|  |TAMS 0x000000008d200000, 0x000000008d200000| Untracked 
|  47|0x000000008d300000, 0x000000008d300000, 0x000000008d400000|  0%| F|  |TAMS 0x000000008d300000, 0x000000008d300000| Untracked 
|  48|0x000000008d400000, 0x000000008d400000, 0x000000008d500000|  0%| F|  |TAMS 0x000000008d400000, 0x000000008d400000| Untracked 
|  49|0x000000008d500000, 0x000000008d500000, 0x000000008d600000|  0%| F|  |TAMS 0x000000008d500000, 0x000000008d500000| Untracked 
|  50|0x000000008d600000, 0x000000008d600000, 0x000000008d700000|  0%| F|  |TAMS 0x000000008d600000, 0x000000008d600000| Untracked 
|  51|0x000000008d700000, 0x000000008d700000, 0x000000008d800000|  0%| F|  |TAMS 0x000000008d700000, 0x000000008d700000| Untracked 
|  52|0x000000008d800000, 0x000000008d800000, 0x000000008d900000|  0%| F|  |TAMS 0x000000008d800000, 0x000000008d800000| Untracked 
|  53|0x000000008d900000, 0x000000008d900000, 0x000000008da00000|  0%| F|  |TAMS 0x000000008d900000, 0x000000008d900000| Untracked 
|  54|0x000000008da00000, 0x000000008da00000, 0x000000008db00000|  0%| F|  |TAMS 0x000000008da00000, 0x000000008da00000| Untracked 
|  55|0x000000008db00000, 0x000000008db00000, 0x000000008dc00000|  0%| F|  |TAMS 0x000000008db00000, 0x000000008db00000| Untracked 
|  56|0x000000008dc00000, 0x000000008dc00000, 0x000000008dd00000|  0%| F|  |TAMS 0x000000008dc00000, 0x000000008dc00000| Untracked 
|  57|0x000000008dd00000, 0x000000008dd00000, 0x000000008de00000|  0%| F|  |TAMS 0x000000008dd00000, 0x000000008dd00000| Untracked 
|  58|0x000000008de00000, 0x000000008de00000, 0x000000008df00000|  0%| F|  |TAMS 0x000000008de00000, 0x000000008de00000| Untracked 
|  59|0x000000008df00000, 0x000000008df00000, 0x000000008e000000|  0%| F|  |TAMS 0x000000008df00000, 0x000000008df00000| Untracked 
|  60|0x000000008e000000, 0x000000008e000000, 0x000000008e100000|  0%| F|  |TAMS 0x000000008e000000, 0x000000008e000000| Untracked 
|  61|0x000000008e100000, 0x000000008e100000, 0x000000008e200000|  0%| F|  |TAMS 0x000000008e100000, 0x000000008e100000| Untracked 
|  62|0x000000008e200000, 0x000000008e200000, 0x000000008e300000|  0%| F|  |TAMS 0x000000008e200000, 0x000000008e200000| Untracked 
|  63|0x000000008e300000, 0x000000008e300000, 0x000000008e400000|  0%| F|  |TAMS 0x000000008e300000, 0x000000008e300000| Untracked 
|  64|0x000000008e400000, 0x000000008e400000, 0x000000008e500000|  0%| F|  |TAMS 0x000000008e400000, 0x000000008e400000| Untracked 
|  65|0x000000008e500000, 0x000000008e500000, 0x000000008e600000|  0%| F|  |TAMS 0x000000008e500000, 0x000000008e500000| Untracked 
|  66|0x000000008e600000, 0x000000008e600000, 0x000000008e700000|  0%| F|  |TAMS 0x000000008e600000, 0x000000008e600000| Untracked 
|  67|0x000000008e700000, 0x000000008e700000, 0x000000008e800000|  0%| F|  |TAMS 0x000000008e700000, 0x000000008e700000| Untracked 
|  68|0x000000008e800000, 0x000000008e800000, 0x000000008e900000|  0%| F|  |TAMS 0x000000008e800000, 0x000000008e800000| Untracked 
|  69|0x000000008e900000, 0x000000008e900000, 0x000000008ea00000|  0%| F|  |TAMS 0x000000008e900000, 0x000000008e900000| Untracked 
|  70|0x000000008ea00000, 0x000000008ea00000, 0x000000008eb00000|  0%| F|  |TAMS 0x000000008ea00000, 0x000000008ea00000| Untracked 
|  71|0x000000008eb00000, 0x000000008eb00000, 0x000000008ec00000|  0%| F|  |TAMS 0x000000008eb00000, 0x000000008eb00000| Untracked 
|  72|0x000000008ec00000, 0x000000008ec00000, 0x000000008ed00000|  0%| F|  |TAMS 0x000000008ec00000, 0x000000008ec00000| Untracked 
|  73|0x000000008ed00000, 0x000000008ed00000, 0x000000008ee00000|  0%| F|  |TAMS 0x000000008ed00000, 0x000000008ed00000| Untracked 
|  74|0x000000008ee00000, 0x000000008ee00000, 0x000000008ef00000|  0%| F|  |TAMS 0x000000008ee00000, 0x000000008ee00000| Untracked 
|  75|0x000000008ef00000, 0x000000008ef00000, 0x000000008f000000|  0%| F|  |TAMS 0x000000008ef00000, 0x000000008ef00000| Untracked 
|  76|0x000000008f000000, 0x000000008f000000, 0x000000008f100000|  0%| F|  |TAMS 0x000000008f000000, 0x000000008f000000| Untracked 
|  77|0x000000008f100000, 0x000000008f100000, 0x000000008f200000|  0%| F|  |TAMS 0x000000008f100000, 0x000000008f100000| Untracked 
|  78|0x000000008f200000, 0x000000008f200000, 0x000000008f300000|  0%| F|  |TAMS 0x000000008f200000, 0x000000008f200000| Untracked 
|  79|0x000000008f300000, 0x000000008f300000, 0x000000008f400000|  0%| F|  |TAMS 0x000000008f300000, 0x000000008f300000| Untracked 
|  80|0x000000008f400000, 0x000000008f400000, 0x000000008f500000|  0%| F|  |TAMS 0x000000008f400000, 0x000000008f400000| Untracked 
|  81|0x000000008f500000, 0x000000008f500000, 0x000000008f600000|  0%| F|  |TAMS 0x000000008f500000, 0x000000008f500000| Untracked 
|  82|0x000000008f600000, 0x000000008f600000, 0x000000008f700000|  0%| F|  |TAMS 0x000000008f600000, 0x000000008f600000| Untracked 
|  83|0x000000008f700000, 0x000000008f700000, 0x000000008f800000|  0%| F|  |TAMS 0x000000008f700000, 0x000000008f700000| Untracked 
|  84|0x000000008f800000, 0x000000008f800000, 0x000000008f900000|  0%| F|  |TAMS 0x000000008f800000, 0x000000008f800000| Untracked 
|  85|0x000000008f900000, 0x000000008f900000, 0x000000008fa00000|  0%| F|  |TAMS 0x000000008f900000, 0x000000008f900000| Untracked 
|  86|0x000000008fa00000, 0x000000008fa00000, 0x000000008fb00000|  0%| F|  |TAMS 0x000000008fa00000, 0x000000008fa00000| Untracked 
|  87|0x000000008fb00000, 0x000000008fb00000, 0x000000008fc00000|  0%| F|  |TAMS 0x000000008fb00000, 0x000000008fb00000| Untracked 
|  88|0x000000008fc00000, 0x000000008fc00000, 0x000000008fd00000|  0%| F|  |TAMS 0x000000008fc00000, 0x000000008fc00000| Untracked 
|  89|0x000000008fd00000, 0x000000008fd00000, 0x000000008fe00000|  0%| F|  |TAMS 0x000000008fd00000, 0x000000008fd00000| Untracked 
|  90|0x000000008fe00000, 0x000000008fe00000, 0x000000008ff00000|  0%| F|  |TAMS 0x000000008fe00000, 0x000000008fe00000| Untracked 
|  91|0x000000008ff00000, 0x000000008ff00000, 0x0000000090000000|  0%| F|  |TAMS 0x000000008ff00000, 0x000000008ff00000| Untracked 
|  92|0x0000000090000000, 0x0000000090000000, 0x0000000090100000|  0%| F|  |TAMS 0x0000000090000000, 0x0000000090000000| Untracked 
|  93|0x0000000090100000, 0x0000000090100000, 0x0000000090200000|  0%| F|  |TAMS 0x0000000090100000, 0x0000000090100000| Untracked 
|  94|0x0000000090200000, 0x0000000090300000, 0x0000000090300000|100%| S|CS|TAMS 0x0000000090200000, 0x0000000090200000| Complete 
|  95|0x0000000090300000, 0x0000000090400000, 0x0000000090400000|100%| S|CS|TAMS 0x0000000090300000, 0x0000000090300000| Complete 
|  96|0x0000000090400000, 0x0000000090500000, 0x0000000090500000|100%| S|CS|TAMS 0x0000000090400000, 0x0000000090400000| Complete 
|  97|0x0000000090500000, 0x0000000090500000, 0x0000000090600000|  0%| F|  |TAMS 0x0000000090500000, 0x0000000090500000| Untracked 
|  98|0x0000000090600000, 0x0000000090600000, 0x0000000090700000|  0%| F|  |TAMS 0x0000000090600000, 0x0000000090600000| Untracked 
|  99|0x0000000090700000, 0x0000000090700000, 0x0000000090800000|  0%| F|  |TAMS 0x0000000090700000, 0x0000000090700000| Untracked 
| 100|0x0000000090800000, 0x0000000090800000, 0x0000000090900000|  0%| F|  |TAMS 0x0000000090800000, 0x0000000090800000| Untracked 
| 101|0x0000000090900000, 0x0000000090900000, 0x0000000090a00000|  0%| F|  |TAMS 0x0000000090900000, 0x0000000090900000| Untracked 
| 102|0x0000000090a00000, 0x0000000090a00000, 0x0000000090b00000|  0%| F|  |TAMS 0x0000000090a00000, 0x0000000090a00000| Untracked 
| 103|0x0000000090b00000, 0x0000000090b00000, 0x0000000090c00000|  0%| F|  |TAMS 0x0000000090b00000, 0x0000000090b00000| Untracked 
| 104|0x0000000090c00000, 0x0000000090c00000, 0x0000000090d00000|  0%| F|  |TAMS 0x0000000090c00000, 0x0000000090c00000| Untracked 
| 105|0x0000000090d00000, 0x0000000090d00000, 0x0000000090e00000|  0%| F|  |TAMS 0x0000000090d00000, 0x0000000090d00000| Untracked 
| 106|0x0000000090e00000, 0x0000000090e00000, 0x0000000090f00000|  0%| F|  |TAMS 0x0000000090e00000, 0x0000000090e00000| Untracked 
| 107|0x0000000090f00000, 0x0000000090f00000, 0x0000000091000000|  0%| F|  |TAMS 0x0000000090f00000, 0x0000000090f00000| Untracked 
| 108|0x0000000091000000, 0x0000000091000000, 0x0000000091100000|  0%| F|  |TAMS 0x0000000091000000, 0x0000000091000000| Untracked 
| 109|0x0000000091100000, 0x0000000091100000, 0x0000000091200000|  0%| F|  |TAMS 0x0000000091100000, 0x0000000091100000| Untracked 
| 110|0x0000000091200000, 0x0000000091200000, 0x0000000091300000|  0%| F|  |TAMS 0x0000000091200000, 0x0000000091200000| Untracked 
| 111|0x0000000091300000, 0x0000000091300000, 0x0000000091400000|  0%| F|  |TAMS 0x0000000091300000, 0x0000000091300000| Untracked 
| 112|0x0000000091400000, 0x0000000091400000, 0x0000000091500000|  0%| F|  |TAMS 0x0000000091400000, 0x0000000091400000| Untracked 
| 113|0x0000000091500000, 0x0000000091500000, 0x0000000091600000|  0%| F|  |TAMS 0x0000000091500000, 0x0000000091500000| Untracked 
| 114|0x0000000091600000, 0x0000000091600000, 0x0000000091700000|  0%| F|  |TAMS 0x0000000091600000, 0x0000000091600000| Untracked 
| 115|0x0000000091700000, 0x00000000917428f0, 0x0000000091800000| 25%| E|  |TAMS 0x0000000091700000, 0x0000000091700000| Complete 
| 116|0x0000000091800000, 0x0000000091900000, 0x0000000091900000|100%| E|CS|TAMS 0x0000000091800000, 0x0000000091800000| Complete 
| 117|0x0000000091900000, 0x0000000091a00000, 0x0000000091a00000|100%| E|CS|TAMS 0x0000000091900000, 0x0000000091900000| Complete 

Card table byte_map: [0x000002e316a30000,0x000002e316de0000] _byte_map_base: 0x000002e3165de000

Marking Bits (Prev, Next): (CMBitMap*) 0x000002e37f9274c0, (CMBitMap*) 0x000002e37f927500
 Prev Bits: [0x000002e317190000, 0x000002e318f00000)
 Next Bits: [0x000002e318f00000, 0x000002e31ac70000)

Polling page: 0x000002e37f0a0000

Metaspace:

Usage:
  Non-class:      4.91 MB used.
      Class:    637.09 KB used.
       Both:      5.53 MB used.

Virtual space:
  Non-class space:        8.00 MB reserved,       5.00 MB ( 63%) committed,  1 nodes.
      Class space:        1.00 GB reserved,     704.00 KB ( <1%) committed,  1 nodes.
             Both:        1.01 GB reserved,       5.69 MB ( <1%) committed. 

Chunk freelists:
   Non-Class:  1.73 MB
       Class:  3.14 MB
        Both:  4.88 MB

MaxMetaspaceSize: unlimited
CompressedClassSpaceSize: 1.00 GB
Initial GC threshold: 21.00 MB
Current GC threshold: 21.00 MB
CDS: on
MetaspaceReclaimPolicy: balanced
 - commit_granule_bytes: 65536.
 - commit_granule_words: 8192.
 - virtual_space_node_default_size: 1048576.
 - enlarge_chunks_in_place: 1.
 - new_chunks_are_fully_committed: 0.
 - uncommit_free_chunks: 1.
 - use_allocation_guard: 0.
 - handle_deallocations: 1.


Internal statistics:

num_allocs_failed_limit: 0.
num_arena_births: 40.
num_arena_deaths: 0.
num_vsnodes_births: 2.
num_vsnodes_deaths: 0.
num_space_committed: 91.
num_space_uncommitted: 0.
num_chunks_returned_to_freelist: 0.
num_chunks_taken_from_freelist: 165.
num_chunk_merges: 0.
num_chunk_splits: 105.
num_chunks_enlarged: 87.
num_purges: 0.
num_inconsistent_stats: 0.

CodeHeap 'non-profiled nmethods': size=120000Kb used=364Kb max_used=364Kb free=119635Kb
 bounds [0x000002e30f500000, 0x000002e30f770000, 0x000002e316a30000]
CodeHeap 'profiled nmethods': size=120000Kb used=2004Kb max_used=2004Kb free=117995Kb
 bounds [0x000002e307a30000, 0x000002e307ca0000, 0x000002e30ef60000]
CodeHeap 'non-nmethods': size=5760Kb used=1144Kb max_used=1162Kb free=4615Kb
 bounds [0x000002e30ef60000, 0x000002e30f1d0000, 0x000002e30f500000]
 total_blobs=1493 nmethods=1061 adapters=345
 compilation: enabled
              stopped_count=0, restarted_count=0
 full_count=0

Compilation events (20 events):
Event: 1.235 Thread 0x000002e31d33dd10 1029       3       java.lang.Class::cast (27 bytes)
Event: 1.236 Thread 0x000002e31d33dd10 nmethod 1029 0x000002e307c19090 code [0x000002e307c19240, 0x000002e307c194f8]
Event: 1.236 Thread 0x000002e31d33dd10 1030       1       sun.reflect.generics.visitor.Reifier::getFactory (5 bytes)
Event: 1.236 Thread 0x000002e31d33dd10 nmethod 1030 0x000002e30f556a10 code [0x000002e30f556ba0, 0x000002e30f556c78]
Event: 1.237 Thread 0x000002e31d33dd10 1031       3       java.util.ArrayList::<init> (61 bytes)
Event: 1.237 Thread 0x000002e31d33dd10 nmethod 1031 0x000002e307c19610 code [0x000002e307c19880, 0x000002e307c1a218]
Event: 1.238 Thread 0x000002e31d33dd10 1032   !   3       org.springframework.util.ConcurrentReferenceHashMap$Segment::clear (69 bytes)
Event: 1.238 Thread 0x000002e31d33dd10 nmethod 1032 0x000002e307c1a510 code [0x000002e307c1a760, 0x000002e307c1b2b8]
Event: 1.239 Thread 0x000002e31d33dd10 1033       3       org.springframework.util.ConcurrentReferenceHashMap$Task::hasOption (9 bytes)
Event: 1.239 Thread 0x000002e31d33dd10 nmethod 1033 0x000002e307c1b690 code [0x000002e307c1b840, 0x000002e307c1b9a8]
Event: 1.239 Thread 0x000002e31d33dd10 1034       1       sun.reflect.generics.tree.SimpleClassTypeSignature::getTypeArguments (5 bytes)
Event: 1.239 Thread 0x000002e31d33dd10 nmethod 1034 0x000002e30f556d10 code [0x000002e30f556ea0, 0x000002e30f556f78]
Event: 1.242 Thread 0x000002e31d337550 nmethod 1017 0x000002e30f557010 code [0x000002e30f557280, 0x000002e30f5588c0]
Event: 1.243 Thread 0x000002e31d337550 1023   !   4       java.util.concurrent.ConcurrentHashMap::putVal (432 bytes)
Event: 1.244 Thread 0x000002e31d33dd10 1036       1       java.util.Collections$1::hasNext (5 bytes)
Event: 1.245 Thread 0x000002e31d33dd10 nmethod 1036 0x000002e30f559510 code [0x000002e30f5596a0, 0x000002e30f559778]
Event: 1.246 Thread 0x000002e31d33dd10 1038       3       java.security.SecureClassLoader::defineClass (16 bytes)
Event: 1.246 Thread 0x000002e31d33dd10 nmethod 1038 0x000002e307c1ba90 code [0x000002e307c1bc40, 0x000002e307c1bdd8]
Event: 1.247 Thread 0x000002e31d33dd10 1039       1       java.lang.invoke.VarHandle::isDirect (2 bytes)
Event: 1.247 Thread 0x000002e31d33dd10 nmethod 1039 0x000002e30f559c10 code [0x000002e30f559da0, 0x000002e30f559e78]

GC Heap History (2 events):
Event: 1.202 GC heap before
{Heap before GC invocations=0 (full 0):
 garbage-first heap   total 120832K, used 22528K [0x000000008a400000, 0x0000000100000000)
  region size 1024K, 21 young (21504K), 0 survivors (0K)
 Metaspace       used 5018K, committed 5184K, reserved 1056768K
  class space    used 548K, committed 640K, reserved 1048576K
}
Event: 1.208 GC heap after
{Heap after GC invocations=1 (full 0):
 garbage-first heap   total 120832K, used 8159K [0x000000008a400000, 0x0000000100000000)
  region size 1024K, 3 young (3072K), 3 survivors (3072K)
 Metaspace       used 5018K, committed 5184K, reserved 1056768K
  class space    used 548K, committed 640K, reserved 1048576K
}

Dll operation events (12 events):
Event: 0.151 Loaded shared library C:\Users\kev97\.jdks\corretto-17.0.6\bin\java.dll
Event: 0.159 Loaded shared library C:\Users\kev97\.jdks\corretto-17.0.6\bin\jsvml.dll
Event: 0.253 Loaded shared library C:\Users\kev97\.jdks\corretto-17.0.6\bin\zip.dll
Event: 0.257 Loaded shared library C:\Users\kev97\.jdks\corretto-17.0.6\bin\instrument.dll
Event: 0.264 Loaded shared library C:\Users\kev97\.jdks\corretto-17.0.6\bin\net.dll
Event: 0.266 Loaded shared library C:\Users\kev97\.jdks\corretto-17.0.6\bin\nio.dll
Event: 0.269 Loaded shared library C:\Users\kev97\.jdks\corretto-17.0.6\bin\zip.dll
Event: 0.618 Loaded shared library C:\Program Files\JetBrains\IntelliJ IDEA Community Edition 2022.3.2\bin\breakgen64.dll
Event: 0.733 Loaded shared library C:\Users\kev97\.jdks\corretto-17.0.6\bin\verify.dll
Event: 0.738 Loaded shared library C:\Users\kev97\.jdks\corretto-17.0.6\bin\jimage.dll
Event: 1.075 Loaded shared library C:\Users\kev97\.jdks\corretto-17.0.6\bin\management.dll
Event: 1.077 Loaded shared library C:\Users\kev97\.jdks\corretto-17.0.6\bin\management_ext.dll

Deoptimization events (20 events):
Event: 1.165 Thread 0x000002e31e722e70 Uncommon trap: trap_request=0xffffffde fr.pc=0x000002e30f52c1f8 relative=0x00000000000012d8
Event: 1.165 Thread 0x000002e31e722e70 Uncommon trap: reason=class_check action=maybe_recompile pc=0x000002e30f52c1f8 method=java.util.HashMap.putVal(ILjava/lang/Object;Ljava/lang/Object;ZZ)Ljava/lang/Object; @ 253 c2
Event: 1.165 Thread 0x000002e31e722e70 DEOPT PACKING pc=0x000002e30f52c1f8 sp=0x000000f9fbcfd520
Event: 1.165 Thread 0x000002e31e722e70 DEOPT UNPACKING pc=0x000002e30efb69a3 sp=0x000000f9fbcfd478 mode 2
Event: 1.216 Thread 0x000002e31e722e70 Uncommon trap: trap_request=0xffffffc6 fr.pc=0x000002e30f553ab4 relative=0x0000000000001214
Event: 1.216 Thread 0x000002e31e722e70 Uncommon trap: reason=bimorphic_or_optimized_type_check action=maybe_recompile pc=0x000002e30f553ab4 method=java.util.HashMap.putVal(ILjava/lang/Object;Ljava/lang/Object;ZZ)Ljava/lang/Object; @ 56 c2
Event: 1.216 Thread 0x000002e31e722e70 DEOPT PACKING pc=0x000002e30f553ab4 sp=0x000000f9fbcfd990
Event: 1.216 Thread 0x000002e31e722e70 DEOPT UNPACKING pc=0x000002e30efb69a3 sp=0x000000f9fbcfd8c0 mode 2
Event: 1.216 Thread 0x000002e31e722e70 Uncommon trap: trap_request=0xffffffc6 fr.pc=0x000002e30f553ab4 relative=0x0000000000001214
Event: 1.216 Thread 0x000002e31e722e70 Uncommon trap: reason=bimorphic_or_optimized_type_check action=maybe_recompile pc=0x000002e30f553ab4 method=java.util.HashMap.putVal(ILjava/lang/Object;Ljava/lang/Object;ZZ)Ljava/lang/Object; @ 56 c2
Event: 1.216 Thread 0x000002e31e722e70 DEOPT PACKING pc=0x000002e30f553ab4 sp=0x000000f9fbcfd990
Event: 1.216 Thread 0x000002e31e722e70 DEOPT UNPACKING pc=0x000002e30efb69a3 sp=0x000000f9fbcfd8c0 mode 2
Event: 1.216 Thread 0x000002e31e722e70 Uncommon trap: trap_request=0xffffffc6 fr.pc=0x000002e30f553ab4 relative=0x0000000000001214
Event: 1.216 Thread 0x000002e31e722e70 Uncommon trap: reason=bimorphic_or_optimized_type_check action=maybe_recompile pc=0x000002e30f553ab4 method=java.util.HashMap.putVal(ILjava/lang/Object;Ljava/lang/Object;ZZ)Ljava/lang/Object; @ 56 c2
Event: 1.216 Thread 0x000002e31e722e70 DEOPT PACKING pc=0x000002e30f553ab4 sp=0x000000f9fbcfd990
Event: 1.216 Thread 0x000002e31e722e70 DEOPT UNPACKING pc=0x000002e30efb69a3 sp=0x000000f9fbcfd8c0 mode 2
Event: 1.216 Thread 0x000002e31e722e70 Uncommon trap: trap_request=0xffffffc6 fr.pc=0x000002e30f553ab4 relative=0x0000000000001214
Event: 1.216 Thread 0x000002e31e722e70 Uncommon trap: reason=bimorphic_or_optimized_type_check action=maybe_recompile pc=0x000002e30f553ab4 method=java.util.HashMap.putVal(ILjava/lang/Object;Ljava/lang/Object;ZZ)Ljava/lang/Object; @ 56 c2
Event: 1.216 Thread 0x000002e31e722e70 DEOPT PACKING pc=0x000002e30f553ab4 sp=0x000000f9fbcfd990
Event: 1.216 Thread 0x000002e31e722e70 DEOPT UNPACKING pc=0x000002e30efb69a3 sp=0x000000f9fbcfd8c0 mode 2

Classes unloaded (0 events):
No events

Classes redefined (0 events):
No events

Internal exceptions (15 events):
Event: 0.623 Thread 0x000002e31e0185d0 Exception <a 'java/lang/NoSuchMethodError'{0x0000000091370908}: 'java.lang.Object java.lang.invoke.DirectMethodHandle$Holder.invokeStaticInit(java.lang.Object)'> (0x0000000091370908) 
thrown [s\src\hotspot\share\interpreter\linkResolver.cpp, line 759]
Event: 0.631 Thread 0x000002e31e0185d0 Exception <a 'java/lang/NoSuchMethodError'{0x000000009137e6f0}: 'void java.lang.invoke.DirectMethodHandle$Holder.invokeStatic(java.lang.Object, java.lang.Object)'> (0x000000009137e6f0) 
thrown [s\src\hotspot\share\interpreter\linkResolver.cpp, line 759]
Event: 0.796 Thread 0x000002e37f8cfb50 Exception <a 'java/lang/ClassNotFoundException'{0x0000000091114ac8}: javax/smartcardio/CardPermission> (0x0000000091114ac8) 
thrown [s\src\hotspot\share\classfile\systemDictionary.cpp, line 256]
Event: 0.810 Thread 0x000002e37f8cfb50 Exception <a 'java/io/FileNotFoundException'{0x0000000091122c78}> (0x0000000091122c78) 
thrown [s\src\hotspot\share\prims\jni.cpp, line 516]
Event: 0.928 Thread 0x000002e37f8cfb50 Exception <a 'java/lang/NoSuchMethodError'{0x0000000090e92900}: 'java.lang.Object java.lang.invoke.DirectMethodHandle$Holder.invokeSpecialIFC(java.lang.Object, java.lang.Object, java.lang.Object, java.lang.Object)'> (0x0000000090e92900) 
thrown [s\src\hotspot\share\interpreter\linkResolver.cpp, line 759]
Event: 0.953 Thread 0x000002e37f8cfb50 Exception <a 'java/lang/NoSuchMethodError'{0x0000000090d3b828}: 'int java.lang.invoke.DirectMethodHandle$Holder.invokeStaticInit(java.lang.Object, java.lang.Object)'> (0x0000000090d3b828) 
thrown [s\src\hotspot\share\interpreter\linkResolver.cpp, line 759]
Event: 1.024 Thread 0x000002e37f8cfb50 Exception <a 'java/lang/NoSuchMethodError'{0x0000000090b27408}: 'int java.lang.invoke.DirectMethodHandle$Holder.invokeStaticInit(java.lang.Object, java.lang.Object, java.lang.Object)'> (0x0000000090b27408) 
thrown [s\src\hotspot\share\interpreter\linkResolver.cpp, line 759]
Event: 1.033 Thread 0x000002e37f8cfb50 Exception <a 'java/lang/NoSuchMethodError'{0x0000000090b7c630}: 'java.lang.Object java.lang.invoke.DirectMethodHandle$Holder.newInvokeSpecial(java.lang.Object, java.lang.Object, java.lang.Object, java.lang.Object, java.lang.Object)'> (0x0000000090b7c630) 
thrown [s\src\hotspot\share\interpreter\linkResolver.cpp, line 759]
Event: 1.039 Thread 0x000002e37f8cfb50 Exception <a 'java/lang/NoSuchMethodError'{0x0000000090bca528}: 'java.lang.Object java.lang.invoke.DirectMethodHandle$Holder.invokeStaticInit(java.lang.Object, java.lang.Object, java.lang.Object)'> (0x0000000090bca528) 
thrown [s\src\hotspot\share\interpreter\linkResolver.cpp, line 759]
Event: 1.047 Thread 0x000002e37f8cfb50 Exception <a 'java/lang/NoSuchMethodError'{0x0000000090bfc908}: 'void java.lang.invoke.DirectMethodHandle$Holder.invokeStatic(java.lang.Object, java.lang.Object, java.lang.Object)'> (0x0000000090bfc908) 
thrown [s\src\hotspot\share\interpreter\linkResolver.cpp, line 759]
Event: 1.081 Thread 0x000002e37f8cfb50 Exception <a 'java/lang/NoSuchMethodError'{0x000000009090a240}: 'int java.lang.invoke.DirectMethodHandle$Holder.invokeSpecial(java.lang.Object, java.lang.Object, java.lang.Object)'> (0x000000009090a240) 
thrown [s\src\hotspot\share\interpreter\linkResolver.cpp, line 759]
Event: 1.134 Thread 0x000002e31e6e3ee0 Exception <a 'java/lang/NoSuchMethodError'{0x00000000907fc2d0}: 'org.slf4j.impl.StaticMDCBinder org.slf4j.impl.StaticMDCBinder.getSingleton()'> (0x00000000907fc2d0) 
thrown [s\src\hotspot\share\interpreter\linkResolver.cpp, line 759]
Event: 1.188 Thread 0x000002e31e722e70 Exception <a 'java/lang/NoSuchMethodError'{0x00000000905a0640}: 'java.lang.Object java.lang.invoke.DirectMethodHandle$Holder.invokeInterface(java.lang.Object, java.lang.Object, java.lang.Object)'> (0x00000000905a0640) 
thrown [s\src\hotspot\share\interpreter\linkResolver.cpp, line 759]
Event: 1.188 Thread 0x000002e31e722e70 Exception <a 'java/lang/IncompatibleClassChangeError'{0x00000000905a3a60}: Found class java.lang.Object, but interface was expected> (0x00000000905a3a60) 
thrown [s\src\hotspot\share\interpreter\linkResolver.cpp, line 826]
Event: 1.214 Thread 0x000002e31e722e70 Exception <a 'sun/nio/fs/WindowsException'{0x0000000091919438}> (0x0000000091919438) 
thrown [s\src\hotspot\share\prims\jni.cpp, line 516]

VM Operations (10 events):
Event: 0.242 Executing VM operation: HandshakeAllThreads
Event: 0.242 Executing VM operation: HandshakeAllThreads done
Event: 0.622 Executing VM operation: HandshakeAllThreads
Event: 0.622 Executing VM operation: HandshakeAllThreads done
Event: 0.914 Executing VM operation: HandshakeAllThreads
Event: 0.914 Executing VM operation: HandshakeAllThreads done
Event: 1.202 Executing VM operation: G1CollectForAllocation
Event: 1.208 Executing VM operation: G1CollectForAllocation done
Event: 1.216 Executing VM operation: HandshakeAllThreads
Event: 1.216 Executing VM operation: HandshakeAllThreads done

Events (20 events):
Event: 1.225 loading class java/util/concurrent/CopyOnWriteArraySet
Event: 1.225 loading class java/util/concurrent/CopyOnWriteArraySet done
Event: 1.229 loading class java/util/concurrent/ConcurrentLinkedDeque
Event: 1.229 loading class java/util/concurrent/ConcurrentLinkedDeque done
Event: 1.229 loading class java/util/concurrent/ConcurrentLinkedDeque$Node
Event: 1.229 loading class java/util/concurrent/ConcurrentLinkedDeque$Node done
Event: 1.234 loading class sun/reflect/generics/tree/BottomSignature
Event: 1.234 loading class sun/reflect/generics/tree/BottomSignature done
Event: 1.234 loading class sun/reflect/generics/tree/Wildcard
Event: 1.234 loading class sun/reflect/generics/tree/Wildcard done
Event: 1.234 loading class sun/reflect/generics/reflectiveObjects/WildcardTypeImpl
Event: 1.234 loading class sun/reflect/generics/reflectiveObjects/WildcardTypeImpl done
Event: 1.238 loading class java/util/Currency
Event: 1.238 loading class java/util/Currency done
Event: 1.240 loading class java/util/UUID
Event: 1.240 loading class java/util/UUID done
Event: 1.249 loading class java/time/ZonedDateTime
Event: 1.249 loading class java/time/chrono/ChronoZonedDateTime
Event: 1.250 loading class java/time/chrono/ChronoZonedDateTime done
Event: 1.250 loading class java/time/ZonedDateTime done


Dynamic libraries:
0x00007ff6a9000000 - 0x00007ff6a900d000 	C:\Users\kev97\.jdks\corretto-17.0.6\bin\java.exe
0x00007ffacc810000 - 0x00007ffacca08000 	C:\WINDOWS\SYSTEM32\ntdll.dll
0x00007ffacb450000 - 0x00007ffacb50f000 	C:\WINDOWS\System32\KERNEL32.DLL
0x00007ffac9f70000 - 0x00007ffaca24a000 	C:\WINDOWS\System32\KERNELBASE.dll
0x00007ffaca2e0000 - 0x00007ffaca3e0000 	C:\WINDOWS\System32\ucrtbase.dll
0x00007ffaa9220000 - 0x00007ffaa9237000 	C:\Users\kev97\.jdks\corretto-17.0.6\bin\jli.dll
0x00007ffaa6b60000 - 0x00007ffaa6b75000 	C:\Users\kev97\.jdks\corretto-17.0.6\bin\VCRUNTIME140.dll
0x00007ffacad80000 - 0x00007ffacaf1d000 	C:\WINDOWS\System32\USER32.dll
0x00007ffaca500000 - 0x00007ffaca522000 	C:\WINDOWS\System32\win32u.dll
0x00007ffab95a0000 - 0x00007ffab983a000 	C:\WINDOWS\WinSxS\amd64_microsoft.windows.common-controls_6595b64144ccf1df_6.0.19041.1110_none_60b5254171f9507e\COMCTL32.dll
0x00007ffacc3e0000 - 0x00007ffacc40b000 	C:\WINDOWS\System32\GDI32.dll
0x00007ffacb9c0000 - 0x00007ffacba5e000 	C:\WINDOWS\System32\msvcrt.dll
0x00007ffaca760000 - 0x00007ffaca870000 	C:\WINDOWS\System32\gdi32full.dll
0x00007ffaca6c0000 - 0x00007ffaca75d000 	C:\WINDOWS\System32\msvcp_win.dll
0x00007ffacb420000 - 0x00007ffacb450000 	C:\WINDOWS\System32\IMM32.DLL
0x00007ffa9a400000 - 0x00007ffa9a49b000 	C:\Users\kev97\.jdks\corretto-17.0.6\bin\msvcp140.dll
0x00007ffa5a4a0000 - 0x00007ffa5b0b8000 	C:\Users\kev97\.jdks\corretto-17.0.6\bin\server\jvm.dll
0x00007ffacb0a0000 - 0x00007ffacb14e000 	C:\WINDOWS\System32\ADVAPI32.dll
0x00007ffacc340000 - 0x00007ffacc3dc000 	C:\WINDOWS\System32\sechost.dll
0x00007ffacc1b0000 - 0x00007ffacc2d6000 	C:\WINDOWS\System32\RPCRT4.dll
0x00007ffac6bc0000 - 0x00007ffac6bc9000 	C:\WINDOWS\SYSTEM32\WSOCK32.dll
0x00007ffac0970000 - 0x00007ffac0997000 	C:\WINDOWS\SYSTEM32\WINMM.dll
0x00007ffac09a0000 - 0x00007ffac09aa000 	C:\WINDOWS\SYSTEM32\VERSION.dll
0x00007ffacb280000 - 0x00007ffacb2eb000 	C:\WINDOWS\System32\WS2_32.dll
0x00007ffac8730000 - 0x00007ffac8742000 	C:\WINDOWS\SYSTEM32\kernel.appcore.dll
0x00007ffaaabb0000 - 0x00007ffaaabba000 	C:\Users\kev97\.jdks\corretto-17.0.6\bin\jimage.dll
0x00007ffac7d60000 - 0x00007ffac7f44000 	C:\WINDOWS\SYSTEM32\DBGHELP.DLL
0x00007ffab32a0000 - 0x00007ffab32d4000 	C:\WINDOWS\SYSTEM32\dbgcore.DLL
0x00007ffaca250000 - 0x00007ffaca2d2000 	C:\WINDOWS\System32\bcryptPrimitives.dll
0x00007ffaa0e40000 - 0x00007ffaa0e4e000 	C:\Users\kev97\.jdks\corretto-17.0.6\bin\instrument.dll
0x00007ffaa6b30000 - 0x00007ffaa6b55000 	C:\Users\kev97\.jdks\corretto-17.0.6\bin\java.dll
0x00007ffa8c170000 - 0x00007ffa8c246000 	C:\Users\kev97\.jdks\corretto-17.0.6\bin\jsvml.dll
0x00007ffacba60000 - 0x00007ffacc1a4000 	C:\WINDOWS\System32\SHELL32.dll
0x00007ffac7f90000 - 0x00007ffac8723000 	C:\WINDOWS\SYSTEM32\windows.storage.dll
0x00007ffacb600000 - 0x00007ffacb954000 	C:\WINDOWS\System32\combase.dll
0x00007ffac9980000 - 0x00007ffac99ae000 	C:\WINDOWS\SYSTEM32\Wldp.dll
0x00007ffacb550000 - 0x00007ffacb5fd000 	C:\WINDOWS\System32\SHCORE.dll
0x00007ffacb960000 - 0x00007ffacb9b5000 	C:\WINDOWS\System32\shlwapi.dll
0x00007ffac9e60000 - 0x00007ffac9e7f000 	C:\WINDOWS\SYSTEM32\profapi.dll
0x00007ffaa6750000 - 0x00007ffaa6768000 	C:\Users\kev97\.jdks\corretto-17.0.6\bin\zip.dll
0x00007ffaa6790000 - 0x00007ffaa67a9000 	C:\Users\kev97\.jdks\corretto-17.0.6\bin\net.dll
0x00007ffac47f0000 - 0x00007ffac48fa000 	C:\WINDOWS\SYSTEM32\WINHTTP.dll
0x00007ffac9670000 - 0x00007ffac96da000 	C:\WINDOWS\system32\mswsock.dll
0x00007ffaa6770000 - 0x00007ffaa6785000 	C:\Users\kev97\.jdks\corretto-17.0.6\bin\nio.dll
0x00007ffa9ce90000 - 0x00007ffa9ceaa000 	C:\Program Files\JetBrains\IntelliJ IDEA Community Edition 2022.3.2\bin\breakgen64.dll
0x00007ffaa97c0000 - 0x00007ffaa97d0000 	C:\Users\kev97\.jdks\corretto-17.0.6\bin\verify.dll
0x00007ffaa08b0000 - 0x00007ffaa08b9000 	C:\Users\kev97\.jdks\corretto-17.0.6\bin\management.dll
0x00007ffa9fcc0000 - 0x00007ffa9fccb000 	C:\Users\kev97\.jdks\corretto-17.0.6\bin\management_ext.dll
0x00007ffacb520000 - 0x00007ffacb528000 	C:\WINDOWS\System32\PSAPI.DLL

dbghelp: loaded successfully - version: 4.0.5 - missing functions: none
symbol engine: initialized successfully - sym options: 0x614 - pdb path: .;C:\Users\kev97\.jdks\corretto-17.0.6\bin;C:\WINDOWS\SYSTEM32;C:\WINDOWS\WinSxS\amd64_microsoft.windows.common-controls_6595b64144ccf1df_6.0.19041.1110_none_60b5254171f9507e;C:\Users\kev97\.jdks\corretto-17.0.6\bin\server;C:\Program Files\JetBrains\IntelliJ IDEA Community Edition 2022.3.2\bin

VM Arguments:
jvm_args: -javaagent:C:\Program Files\JetBrains\IntelliJ IDEA Community Edition 2022.3.2\lib\idea_rt.jar=63111:C:\Program Files\JetBrains\IntelliJ IDEA Community Edition 2022.3.2\bin -Dfile.encoding=UTF-8 
java_command: fr.projet.port.PortApplication
java_class_path (initial): D:\TP CDA\javaSeHome\port\target\classes;C:\Users\kev97\.m2\repository\org\springframework\boot\spring-boot-starter-actuator\2.7.8\spring-boot-starter-actuator-2.7.8.jar;C:\Users\kev97\.m2\repository\org\springframework\boot\spring-boot-starter\2.7.8\spring-boot-starter-2.7.8.jar;C:\Users\kev97\.m2\repository\org\springframework\boot\spring-boot-starter-logging\2.7.8\spring-boot-starter-logging-2.7.8.jar;C:\Users\kev97\.m2\repository\ch\qos\logback\logback-classic\1.2.11\logback-classic-1.2.11.jar;C:\Users\kev97\.m2\repository\ch\qos\logback\logback-core\1.2.11\logback-core-1.2.11.jar;C:\Users\kev97\.m2\repository\org\apache\logging\log4j\log4j-to-slf4j\2.17.2\log4j-to-slf4j-2.17.2.jar;C:\Users\kev97\.m2\repository\org\apache\logging\log4j\log4j-api\2.17.2\log4j-api-2.17.2.jar;C:\Users\kev97\.m2\repository\org\slf4j\jul-to-slf4j\1.7.36\jul-to-slf4j-1.7.36.jar;C:\Users\kev97\.m2\repository\jakarta\annotation\jakarta.annotation-api\1.3.5\jakarta.annotation-api-1.3.5.jar;C:\Users\kev97\.m2\repository\org\yaml\snakeyaml\1.30\snakeyaml-1.30.jar;C:\Users\kev97\.m2\repository\org\springframework\boot\spring-boot-actuator-autoconfigure\2.7.8\spring-boot-actuator-autoconfigure-2.7.8.jar;C:\Users\kev97\.m2\repository\org\springframework\boot\spring-boot-actuator\2.7.8\spring-boot-actuator-2.7.8.jar;C:\Users\kev97\.m2\repository\com\fasterxml\jackson\core\jackson-databind\2.13.4.2\jackson-databind-2.13.4.2.jar;C:\Users\kev97\.m2\repository\com\fasterxml\jackson\core\jackson-annotations\2.13.4\jackson-annotations-2.13.4.jar;C:\Users\kev97\.m2\repository\com\fasterxml\jackson\core\jackson-core\2.13.4\jackson-core-2.13.4.jar;C:\Users\kev97\.m2\repository\com\fasterxml\jackson\datatype\jackson-datatype-jsr310\2.13.4\jackson-datatype-jsr310-2.13.4.jar;C:\Users\kev97\.m2\repository\io\micrometer\micrometer-core\1.9.7\micrometer-core-1.9.7.jar;C:\Users\kev97\.m2\repository\org\hdrhistogram\HdrHistogram\2.1.12\HdrHistogram-2.1.12.jar;C:\Users\kev97\.m2\rep
Launcher Type: SUN_STANDARD

[Global flags]
     intx CICompilerCount                          = 3                                         {product} {ergonomic}
     uint ConcGCThreads                            = 2                                         {product} {ergonomic}
     uint G1ConcRefinementThreads                  = 6                                         {product} {ergonomic}
   size_t G1HeapRegionSize                         = 1048576                                   {product} {ergonomic}
    uintx GCDrainStackTargetSize                   = 64                                        {product} {ergonomic}
   size_t InitialHeapSize                          = 123731968                                 {product} {ergonomic}
   size_t MarkStackSize                            = 4194304                                   {product} {ergonomic}
   size_t MaxHeapSize                              = 1975517184                                {product} {ergonomic}
   size_t MaxNewSize                               = 1184890880                                {product} {ergonomic}
   size_t MinHeapDeltaBytes                        = 1048576                                   {product} {ergonomic}
   size_t MinHeapSize                              = 8388608                                   {product} {ergonomic}
    uintx NonNMethodCodeHeapSize                   = 5832780                                {pd product} {ergonomic}
    uintx NonProfiledCodeHeapSize                  = 122912730                              {pd product} {ergonomic}
    uintx ProfiledCodeHeapSize                     = 122912730                              {pd product} {ergonomic}
    uintx ReservedCodeCacheSize                    = 251658240                              {pd product} {ergonomic}
     bool SegmentedCodeCache                       = true                                      {product} {ergonomic}
   size_t SoftMaxHeapSize                          = 1975517184                             {manageable} {ergonomic}
     bool UseCompressedClassPointers               = true                           {product lp64_product} {ergonomic}
     bool UseCompressedOops                        = true                           {product lp64_product} {ergonomic}
     bool UseG1GC                                  = true                                      {product} {ergonomic}
     bool UseLargePagesIndividualAllocation        = false                                  {pd product} {ergonomic}

Logging:
Log output configuration:
 #0: stdout all=warning uptime,level,tags
 #1: stderr all=off uptime,level,tags

Environment Variables:
JAVA_HOME=D:\Program Files\Java\jdk-11.0.13
PATH=D:\Program Files\Java\jdk-11.0.13\bin;C:\WINDOWS\system32;C:\WINDOWS;C:\WINDOWS\System32\Wbem;C:\WINDOWS\System32\WindowsPowerShell\v1.0\;C:\WINDOWS\System32\OpenSSH\;C:\Program Files\nodejs\;C:\Program Files\Git\cmd;;C:\Program Files\Docker\Docker\resources\bin;D:\Program Files\Java\jdk-11.0.13\bin;C:\Users\kev97\AppData\Local\Microsoft\WindowsApps;C:\Users\kev97\AppData\Local\Programs\Microsoft VS Code\bin;C:\Users\kev97\AppData\Roaming\npm;C:\Users\kev97\AppData\Local\GitHubDesktop\bin;
USERNAME=kev97
OS=Windows_NT
PROCESSOR_IDENTIFIER=AMD64 Family 23 Model 96 Stepping 1, AuthenticAMD
TMP=C:\Users\kev97\AppData\Local\Temp
TEMP=C:\Users\kev97\AppData\Local\Temp



---------------  S Y S T E M  ---------------

OS:
 Windows 10 , 64 bit Build 19041 (10.0.19041.2788)
OS uptime: 31 days 20:24 hours
Hyper-V role detected

CPU: total 6 (initial active 6) (6 cores per cpu, 1 threads per core) family 23 model 96 stepping 1 microcode 0x0, cx8, cmov, fxsr, mmx, 3dnowpref, sse, sse2, sse3, ssse3, sse4a, sse4.1, sse4.2, popcnt, lzcnt, tsc, tscinvbit, avx, avx2, aes, clmul, bmi1, bmi2, adx, sha, fma, vzeroupper, clflush, clflushopt, hv

Memory: 4k page, system-wide physical 7533M (229M free)
TotalPageFile size 31085M (AvailPageFile size 15M)
current process WorkingSet (physical memory assigned to process): 77M, peak: 77M
current process commit charge ("private bytes"): 211M, peak: 211M

vm_info: OpenJDK 64-Bit Server VM (17.0.6+10-LTS) for windows-amd64 JRE (17.0.6+10-LTS), built on Jan 13 2023 22:57:04 by "Administrator" with MS VC++ 15.9 (VS2017)

END.
